2026/03/12 06:43:40 [notice] 1#1: using the "epoll" event method
2026/03/12 06:43:40 [notice] 1#1: nginx/1.29.6
2026/03/12 06:43:40 [notice] 1#1: built by gcc 14.2.0 (Debian 14.2.0-19) 
2026/03/12 06:43:40 [notice] 1#1: OS: Linux 6.6.87.2-microsoft-standard-WSL2
2026/03/12 06:43:40 [notice] 1#1: getrlimit(RLIMIT_NOFILE): 1048576:1048576
2026/03/12 06:43:40 [notice] 1#1: start worker processes
2026/03/12 06:43:40 [notice] 1#1: start worker process 29
2026/03/12 06:43:40 [notice] 1#1: start worker process 30
2026/03/12 06:43:40 [notice] 1#1: start worker process 31
2026/03/12 06:43:40 [notice] 1#1: start worker process 32
2026/03/12 06:43:40 [notice] 1#1: start worker process 33
2026/03/12 06:43:40 [notice] 1#1: start worker process 34
2026/03/12 06:43:40 [notice] 1#1: start worker process 35
2026/03/12 06:43:40 [notice] 1#1: start worker process 36
2026/03/12 06:43:56 [error] 29#29: *1 open() "/usr/share/nginx/html/favicon.ico" failed (2: No such file or directory), client: 172.17.0.1, server: localhost, request: "GET /favicon.ico HTTP/1.1", host: "localhost:8080", referrer: "http://localhost:8080/"
2026/03/12 06:44:19 [notice] 1#1: signal 2 (SIGINT) received, exiting
2026/03/12 06:44:19 [notice] 29#29: exiting
2026/03/12 06:44:19 [notice] 30#30: exiting
2026/03/12 06:44:19 [notice] 31#31: exiting
2026/03/12 06:44:19 [notice] 32#32: exiting
2026/03/12 06:44:19 [notice] 33#33: exiting
2026/03/12 06:44:19 [notice] 34#34: exiting
2026/03/12 06:44:19 [notice] 35#35: exiting
2026/03/12 06:44:19 [notice] 36#36: exiting
2026/03/12 06:44:19 [notice] 29#29: exit
2026/03/12 06:44:19 [notice] 30#30: exit
2026/03/12 06:44:19 [notice] 31#31: exit
2026/03/12 06:44:19 [notice] 32#32: exit
2026/03/12 06:44:19 [notice] 33#33: exit
2026/03/12 06:44:19 [notice] 34#34: exit
2026/03/12 06:44:19 [notice] 35#35: exit
2026/03/12 06:44:19 [notice] 36#36: exit
2026/03/12 06:44:19 [notice] 1#1: signal 17 (SIGCHLD) received from 35
2026/03/12 06:44:19 [notice] 1#1: worker process 35 exited with code 0
2026/03/12 06:44:19 [notice] 1#1: signal 14 (SIGALRM) received
2026/03/12 06:44:19 [notice] 1#1: signal 29 (SIGIO) received
2026/03/12 06:44:19 [notice] 1#1: signal 17 (SIGCHLD) received from 34
2026/03/12 06:44:19 [notice] 1#1: worker process 34 exited with code 0
2026/03/12 06:44:19 [notice] 1#1: signal 29 (SIGIO) received
2026/03/12 06:44:19 [notice] 1#1: signal 17 (SIGCHLD) received from 31
2026/03/12 06:44:19 [notice] 1#1: worker process 31 exited with code 0
2026/03/12 06:44:19 [notice] 1#1: signal 29 (SIGIO) received
2026/03/12 06:44:19 [notice] 1#1: signal 17 (SIGCHLD) received from 32
2026/03/12 06:44:19 [notice] 1#1: worker process 29 exited with code 0
2026/03/12 06:44:19 [notice] 1#1: worker process 32 exited with code 0
2026/03/12 06:44:19 [notice] 1#1: signal 29 (SIGIO) received
2026/03/12 06:44:19 [notice] 1#1: signal 17 (SIGCHLD) received from 30
2026/03/12 06:44:19 [notice] 1#1: worker process 30 exited with code 0
2026/03/12 06:44:19 [notice] 1#1: worker process 33 exited with code 0
2026/03/12 06:44:19 [notice] 1#1: worker process 36 exited with code 0
2026/03/12 06:44:19 [notice] 1#1: exit
2026/03/12 06:53:31 [notice] 1#1: using the "epoll" event method
2026/03/12 06:53:31 [notice] 1#1: nginx/1.29.6
2026/03/12 06:53:31 [notice] 1#1: built by gcc 14.2.0 (Debian 14.2.0-19) 
2026/03/12 06:53:31 [notice] 1#1: OS: Linux 6.6.87.2-microsoft-standard-WSL2
2026/03/12 06:53:31 [notice] 1#1: getrlimit(RLIMIT_NOFILE): 1048576:1048576
2026/03/12 06:53:31 [notice] 1#1: start worker processes
2026/03/12 06:53:31 [notice] 1#1: start worker process 22
2026/03/12 06:53:31 [notice] 1#1: start worker process 23
2026/03/12 06:53:31 [notice] 1#1: start worker process 24
2026/03/12 06:53:31 [notice] 1#1: start worker process 25
2026/03/12 06:53:31 [notice] 1#1: start worker process 26
2026/03/12 06:53:31 [notice] 1#1: start worker process 27
2026/03/12 06:53:31 [notice] 1#1: start worker process 28
2026/03/12 06:53:31 [notice] 1#1: start worker process 29
2026/03/12 07:33:15 [notice] 1#1: signal 3 (SIGQUIT) received, shutting down
2026/03/12 07:33:15 [notice] 24#24: gracefully shutting down
2026/03/12 07:33:15 [notice] 28#28: gracefully shutting down
2026/03/12 07:33:15 [notice] 23#23: gracefully shutting down
2026/03/12 07:33:15 [notice] 22#22: gracefully shutting down
2026/03/12 07:33:15 [notice] 24#24: exiting
2026/03/12 07:33:15 [notice] 25#25: gracefully shutting down
2026/03/12 07:33:15 [notice] 26#26: gracefully shutting down
2026/03/12 07:33:15 [notice] 27#27: gracefully shutting down
2026/03/12 07:33:15 [notice] 29#29: gracefully shutting down
2026/03/12 07:33:15 [notice] 28#28: exiting
2026/03/12 07:33:15 [notice] 23#23: exiting
2026/03/12 07:33:15 [notice] 24#24: exit
2026/03/12 07:33:15 [notice] 22#22: exiting
2026/03/12 07:33:15 [notice] 25#25: exiting
2026/03/12 07:33:15 [notice] 26#26: exiting
2026/03/12 07:33:15 [notice] 27#27: exiting
2026/03/12 07:33:15 [notice] 28#28: exit
2026/03/12 07:33:15 [notice] 23#23: exit
2026/03/12 07:33:15 [notice] 29#29: exiting
2026/03/12 07:33:15 [notice] 22#22: exit
2026/03/12 07:33:15 [notice] 25#25: exit
2026/03/12 07:33:15 [notice] 26#26: exit
2026/03/12 07:33:15 [notice] 27#27: exit
2026/03/12 07:33:15 [notice] 29#29: exit
2026/03/12 07:33:15 [notice] 1#1: signal 17 (SIGCHLD) received from 26
2026/03/12 07:33:15 [notice] 1#1: worker process 26 exited with code 0
2026/03/12 07:33:15 [notice] 1#1: signal 29 (SIGIO) received
2026/03/12 07:33:15 [notice] 1#1: signal 17 (SIGCHLD) received from 28
2026/03/12 07:33:15 [notice] 1#1: worker process 28 exited with code 0
2026/03/12 07:33:15 [notice] 1#1: signal 29 (SIGIO) received
2026/03/12 07:33:15 [notice] 1#1: signal 17 (SIGCHLD) received from 22
2026/03/12 07:33:15 [notice] 1#1: worker process 22 exited with code 0
2026/03/12 07:33:15 [notice] 1#1: worker process 24 exited with code 0
2026/03/12 07:33:15 [notice] 1#1: worker process 25 exited with code 0
2026/03/12 07:33:15 [notice] 1#1: signal 29 (SIGIO) received
2026/03/12 07:33:15 [notice] 1#1: signal 17 (SIGCHLD) received from 24
2026/03/12 07:33:15 [notice] 1#1: signal 17 (SIGCHLD) received from 29
2026/03/12 07:33:15 [notice] 1#1: worker process 29 exited with code 0
2026/03/12 07:33:15 [notice] 1#1: signal 29 (SIGIO) received
2026/03/12 07:33:15 [notice] 1#1: signal 17 (SIGCHLD) received from 23
2026/03/12 07:33:15 [notice] 1#1: worker process 23 exited with code 0
2026/03/12 07:33:15 [notice] 1#1: signal 29 (SIGIO) received
2026/03/12 07:33:15 [notice] 1#1: signal 17 (SIGCHLD) received from 27
2026/03/12 07:33:15 [notice] 1#1: worker process 27 exited with code 0
2026/03/12 07:33:15 [notice] 1#1: exit
2026/03/12 07:37:03 [notice] 1#1: using the "epoll" event method
2026/03/12 07:37:03 [notice] 1#1: nginx/1.29.6
2026/03/12 07:37:03 [notice] 1#1: built by gcc 14.2.0 (Debian 14.2.0-19) 
2026/03/12 07:37:03 [notice] 1#1: OS: Linux 6.6.87.2-microsoft-standard-WSL2
2026/03/12 07:37:03 [notice] 1#1: getrlimit(RLIMIT_NOFILE): 1048576:1048576
2026/03/12 07:37:03 [notice] 1#1: start worker processes
2026/03/12 07:37:03 [notice] 1#1: start worker process 22
2026/03/12 07:37:03 [notice] 1#1: start worker process 23
2026/03/12 07:37:03 [notice] 1#1: start worker process 24
2026/03/12 07:37:03 [notice] 1#1: start worker process 25
2026/03/12 07:37:03 [notice] 1#1: start worker process 26
2026/03/12 07:37:03 [notice] 1#1: start worker process 27
2026/03/12 07:37:03 [notice] 1#1: start worker process 28
2026/03/12 07:37:03 [notice] 1#1: start worker process 29
2026/03/12 08:28:29 [notice] 1#1: signal 3 (SIGQUIT) received, shutting down
2026/03/12 08:28:29 [notice] 22#22: gracefully shutting down
2026/03/12 08:28:29 [notice] 24#24: gracefully shutting down
2026/03/12 08:28:29 [notice] 26#26: gracefully shutting down
2026/03/12 08:28:29 [notice] 28#28: gracefully shutting down
2026/03/12 08:28:29 [notice] 25#25: gracefully shutting down
2026/03/12 08:28:29 [notice] 23#23: gracefully shutting down
2026/03/12 08:28:29 [notice] 27#27: gracefully shutting down
2026/03/12 08:28:29 [notice] 29#29: gracefully shutting down
2026/03/12 08:28:29 [notice] 24#24: exiting
2026/03/12 08:28:29 [notice] 22#22: exiting
2026/03/12 08:28:29 [notice] 26#26: exiting
2026/03/12 08:28:29 [notice] 28#28: exiting
2026/03/12 08:28:29 [notice] 25#25: exiting
2026/03/12 08:28:29 [notice] 23#23: exiting
2026/03/12 08:28:29 [notice] 27#27: exiting
2026/03/12 08:28:29 [notice] 29#29: exiting
2026/03/12 08:28:29 [notice] 24#24: exit
2026/03/12 08:28:29 [notice] 28#28: exit
2026/03/12 08:28:29 [notice] 29#29: exit
2026/03/12 08:28:29 [notice] 26#26: exit
2026/03/12 08:28:29 [notice] 22#22: exit
2026/03/12 08:28:29 [notice] 25#25: exit
2026/03/12 08:28:29 [notice] 23#23: exit
2026/03/12 08:28:29 [notice] 27#27: exit
2026/03/12 08:28:29 [notice] 1#1: signal 17 (SIGCHLD) received from 22
2026/03/12 08:28:29 [notice] 1#1: worker process 22 exited with code 0
2026/03/12 08:28:29 [notice] 1#1: worker process 23 exited with code 0
2026/03/12 08:28:29 [notice] 1#1: signal 29 (SIGIO) received
2026/03/12 08:28:29 [notice] 1#1: signal 17 (SIGCHLD) received from 29
2026/03/12 08:28:29 [notice] 1#1: worker process 24 exited with code 0
2026/03/12 08:28:29 [notice] 1#1: worker process 26 exited with code 0
2026/03/12 08:28:29 [notice] 1#1: worker process 29 exited with code 0
2026/03/12 08:28:29 [notice] 1#1: signal 29 (SIGIO) received
2026/03/12 08:28:29 [notice] 1#1: signal 17 (SIGCHLD) received from 26
2026/03/12 08:28:29 [notice] 1#1: signal 17 (SIGCHLD) received from 28
2026/03/12 08:28:29 [notice] 1#1: worker process 28 exited with code 0
2026/03/12 08:28:29 [notice] 1#1: signal 29 (SIGIO) received
2026/03/12 08:28:29 [notice] 1#1: signal 17 (SIGCHLD) received from 27
2026/03/12 08:28:29 [notice] 1#1: worker process 27 exited with code 0
2026/03/12 08:28:29 [notice] 1#1: signal 29 (SIGIO) received
2026/03/12 08:28:29 [notice] 1#1: signal 17 (SIGCHLD) received from 25
2026/03/12 08:28:29 [notice] 1#1: worker process 25 exited with code 0
2026/03/12 08:28:29 [notice] 1#1: exit
2026/03/12 15:23:28 [notice] 1#1: using the "epoll" event method
2026/03/12 15:23:28 [notice] 1#1: nginx/1.29.6
2026/03/12 15:23:28 [notice] 1#1: built by gcc 14.2.0 (Debian 14.2.0-19) 
2026/03/12 15:23:28 [notice] 1#1: OS: Linux 6.6.87.2-microsoft-standard-WSL2
2026/03/12 15:23:28 [notice] 1#1: getrlimit(RLIMIT_NOFILE): 1048576:1048576
2026/03/12 15:23:28 [notice] 1#1: start worker processes
2026/03/12 15:23:28 [notice] 1#1: start worker process 29
2026/03/12 15:23:28 [notice] 1#1: start worker process 30
2026/03/12 15:23:28 [notice] 1#1: start worker process 31
2026/03/12 15:23:28 [notice] 1#1: start worker process 32
2026/03/12 15:23:28 [notice] 1#1: start worker process 33
2026/03/12 15:23:28 [notice] 1#1: start worker process 34
2026/03/12 15:23:28 [notice] 1#1: start worker process 35
2026/03/12 15:23:28 [notice] 1#1: start worker process 36
2026/03/12 15:23:28 [notice] 1#1: start worker process 37
2026/03/12 15:23:28 [notice] 1#1: start worker process 38
2026/03/12 15:23:28 [notice] 1#1: start worker process 39
2026/03/12 15:23:28 [notice] 1#1: start worker process 40
2026/03/12 15:23:28 [notice] 1#1: start worker process 41
2026/03/12 15:23:28 [notice] 1#1: start worker process 42
2026/03/12 15:23:28 [notice] 1#1: start worker process 43
2026/03/12 15:23:28 [notice] 1#1: start worker process 44
2026/03/12 15:23:28 [notice] 1#1: start worker process 45
2026/03/12 15:23:28 [notice] 1#1: start worker process 46
2026/03/12 15:23:28 [notice] 1#1: start worker process 47
2026/03/12 15:23:28 [notice] 1#1: start worker process 48
2026/03/12 15:23:44 [notice] 1#1: signal 2 (SIGINT) received, exiting
2026/03/12 15:23:44 [notice] 30#30: exiting
2026/03/12 15:23:44 [notice] 29#29: exiting
2026/03/12 15:23:44 [notice] 33#33: exiting
2026/03/12 15:23:44 [notice] 35#35: exiting
2026/03/12 15:23:44 [notice] 34#34: exiting
2026/03/12 15:23:44 [notice] 37#37: exiting
2026/03/12 15:23:44 [notice] 36#36: exiting
2026/03/12 15:23:44 [notice] 38#38: exiting
2026/03/12 15:23:44 [notice] 39#39: exiting
2026/03/12 15:23:44 [notice] 32#32: exiting
2026/03/12 15:23:44 [notice] 40#40: exiting
2026/03/12 15:23:44 [notice] 31#31: exiting
2026/03/12 15:23:44 [notice] 42#42: exiting
2026/03/12 15:23:44 [notice] 44#44: exiting
2026/03/12 15:23:44 [notice] 45#45: exiting
2026/03/12 15:23:44 [notice] 41#41: exiting
2026/03/12 15:23:44 [notice] 43#43: exiting
2026/03/12 15:23:44 [notice] 47#47: exiting
2026/03/12 15:23:44 [notice] 48#48: exiting
2026/03/12 15:23:44 [notice] 46#46: exiting
2026/03/12 15:23:44 [notice] 30#30: exit
2026/03/12 15:23:44 [notice] 29#29: exit
2026/03/12 15:23:44 [notice] 33#33: exit
2026/03/12 15:23:44 [notice] 35#35: exit
2026/03/12 15:23:44 [notice] 34#34: exit
2026/03/12 15:23:44 [notice] 37#37: exit
2026/03/12 15:23:44 [notice] 36#36: exit
2026/03/12 15:23:44 [notice] 38#38: exit
2026/03/12 15:23:44 [notice] 39#39: exit
2026/03/12 15:23:44 [notice] 32#32: exit
2026/03/12 15:23:44 [notice] 40#40: exit
2026/03/12 15:23:44 [notice] 31#31: exit
2026/03/12 15:23:44 [notice] 42#42: exit
2026/03/12 15:23:44 [notice] 44#44: exit
2026/03/12 15:23:44 [notice] 45#45: exit
2026/03/12 15:23:44 [notice] 41#41: exit
2026/03/12 15:23:44 [notice] 43#43: exit
2026/03/12 15:23:44 [notice] 47#47: exit
2026/03/12 15:23:44 [notice] 48#48: exit
2026/03/12 15:23:44 [notice] 46#46: exit
2026/03/12 15:23:44 [notice] 1#1: signal 17 (SIGCHLD) received from 29
2026/03/12 15:23:44 [notice] 1#1: signal 14 (SIGALRM) received
2026/03/12 15:23:44 [notice] 1#1: worker process 29 exited with code 0
2026/03/12 15:23:44 [notice] 1#1: signal 29 (SIGIO) received
2026/03/12 15:23:44 [notice] 1#1: signal 17 (SIGCHLD) received from 48
2026/03/12 15:23:44 [notice] 1#1: worker process 30 exited with code 0
2026/03/12 15:23:44 [notice] 1#1: worker process 31 exited with code 0
2026/03/12 15:23:44 [notice] 1#1: worker process 32 exited with code 0
2026/03/12 15:23:44 [notice] 1#1: worker process 33 exited with code 0
2026/03/12 15:23:44 [notice] 1#1: worker process 34 exited with code 0
2026/03/12 15:23:44 [notice] 1#1: worker process 35 exited with code 0
2026/03/12 15:23:44 [notice] 1#1: worker process 36 exited with code 0
2026/03/12 15:23:44 [notice] 1#1: worker process 37 exited with code 0
2026/03/12 15:23:44 [notice] 1#1: worker process 38 exited with code 0
2026/03/12 15:23:44 [notice] 1#1: worker process 39 exited with code 0
2026/03/12 15:23:44 [notice] 1#1: worker process 40 exited with code 0
2026/03/12 15:23:44 [notice] 1#1: worker process 41 exited with code 0
2026/03/12 15:23:44 [notice] 1#1: worker process 42 exited with code 0
2026/03/12 15:23:44 [notice] 1#1: worker process 43 exited with code 0
2026/03/12 15:23:44 [notice] 1#1: worker process 44 exited with code 0
2026/03/12 15:23:44 [notice] 1#1: worker process 45 exited with code 0
2026/03/12 15:23:44 [notice] 1#1: worker process 46 exited with code 0
2026/03/12 15:23:44 [notice] 1#1: worker process 47 exited with code 0
2026/03/12 15:23:44 [notice] 1#1: worker process 48 exited with code 0
2026/03/12 15:23:44 [notice] 1#1: exit
2026/03/12 15:24:03 [notice] 1#1: using the "epoll" event method
2026/03/12 15:24:03 [notice] 1#1: nginx/1.29.6
2026/03/12 15:24:03 [notice] 1#1: built by gcc 14.2.0 (Debian 14.2.0-19) 
2026/03/12 15:24:03 [notice] 1#1: OS: Linux 6.6.87.2-microsoft-standard-WSL2
2026/03/12 15:24:03 [notice] 1#1: getrlimit(RLIMIT_NOFILE): 1048576:1048576
2026/03/12 15:24:03 [notice] 1#1: start worker processes
2026/03/12 15:24:03 [notice] 1#1: start worker process 22
2026/03/12 15:24:03 [notice] 1#1: start worker process 23
2026/03/12 15:24:03 [notice] 1#1: start worker process 24
2026/03/12 15:24:03 [notice] 1#1: start worker process 25
2026/03/12 15:24:03 [notice] 1#1: start worker process 26
2026/03/12 15:24:03 [notice] 1#1: start worker process 27
2026/03/12 15:24:03 [notice] 1#1: start worker process 28
2026/03/12 15:24:03 [notice] 1#1: start worker process 29
2026/03/12 15:24:03 [notice] 1#1: start worker process 30
2026/03/12 15:24:03 [notice] 1#1: start worker process 31
2026/03/12 15:24:03 [notice] 1#1: start worker process 32
2026/03/12 15:24:03 [notice] 1#1: start worker process 33
2026/03/12 15:24:03 [notice] 1#1: start worker process 34
2026/03/12 15:24:03 [notice] 1#1: start worker process 35
2026/03/12 15:24:03 [notice] 1#1: start worker process 36
2026/03/12 15:24:03 [notice] 1#1: start worker process 37
2026/03/12 15:24:03 [notice] 1#1: start worker process 38
2026/03/12 15:24:03 [notice] 1#1: start worker process 39
2026/03/12 15:24:03 [notice] 1#1: start worker process 40
2026/03/12 15:24:03 [notice] 1#1: start worker process 41
2026/03/12 15:26:29 [error] 27#27: *6 open() "/usr/share/nginx/html/favicon.ico" failed (2: No such file or directory), client: 172.17.0.1, server: localhost, request: "GET /favicon.ico HTTP/1.1", host: "localhost:8080", referrer: "http://localhost:8080/"
2026/03/12 15:39:05 [notice] 1#1: signal 3 (SIGQUIT) received, shutting down
2026/03/12 15:39:05 [notice] 22#22: gracefully shutting down
2026/03/12 15:39:05 [notice] 23#23: gracefully shutting down
2026/03/12 15:39:05 [notice] 24#24: gracefully shutting down
2026/03/12 15:39:05 [notice] 25#25: gracefully shutting down
2026/03/12 15:39:05 [notice] 26#26: gracefully shutting down
2026/03/12 15:39:05 [notice] 27#27: gracefully shutting down
2026/03/12 15:39:05 [notice] 28#28: gracefully shutting down
2026/03/12 15:39:05 [notice] 31#31: gracefully shutting down
2026/03/12 15:39:05 [notice] 29#29: gracefully shutting down
2026/03/12 15:39:05 [notice] 30#30: gracefully shutting down
2026/03/12 15:39:05 [notice] 32#32: gracefully shutting down
2026/03/12 15:39:05 [notice] 34#34: gracefully shutting down
2026/03/12 15:39:05 [notice] 33#33: gracefully shutting down
2026/03/12 15:39:05 [notice] 22#22: exiting
2026/03/12 15:39:05 [notice] 36#36: gracefully shutting down
2026/03/12 15:39:05 [notice] 39#39: gracefully shutting down
2026/03/12 15:39:05 [notice] 38#38: gracefully shutting down
2026/03/12 15:39:05 [notice] 37#37: gracefully shutting down
2026/03/12 15:39:05 [notice] 35#35: gracefully shutting down
2026/03/12 15:39:05 [notice] 41#41: gracefully shutting down
2026/03/12 15:39:05 [notice] 40#40: gracefully shutting down
2026/03/12 15:39:05 [notice] 23#23: exiting
2026/03/12 15:39:05 [notice] 24#24: exiting
2026/03/12 15:39:05 [notice] 25#25: exiting
2026/03/12 15:39:05 [notice] 26#26: exiting
2026/03/12 15:39:05 [notice] 27#27: exiting
2026/03/12 15:39:05 [notice] 28#28: exiting
2026/03/12 15:39:05 [notice] 31#31: exiting
2026/03/12 15:39:05 [notice] 29#29: exiting
2026/03/12 15:39:05 [notice] 30#30: exiting
2026/03/12 15:39:05 [notice] 32#32: exiting
2026/03/12 15:39:05 [notice] 34#34: exiting
2026/03/12 15:39:05 [notice] 33#33: exiting
2026/03/12 15:39:05 [notice] 22#22: exit
2026/03/12 15:39:05 [notice] 36#36: exiting
2026/03/12 15:39:05 [notice] 39#39: exiting
2026/03/12 15:39:05 [notice] 38#38: exiting
2026/03/12 15:39:05 [notice] 37#37: exiting
2026/03/12 15:39:05 [notice] 35#35: exiting
2026/03/12 15:39:05 [notice] 41#41: exiting
2026/03/12 15:39:05 [notice] 40#40: exiting
2026/03/12 15:39:05 [notice] 23#23: exit
2026/03/12 15:39:05 [notice] 24#24: exit
2026/03/12 15:39:05 [notice] 25#25: exit
2026/03/12 15:39:05 [notice] 26#26: exit
2026/03/12 15:39:05 [notice] 27#27: exit
2026/03/12 15:39:05 [notice] 28#28: exit
2026/03/12 15:39:05 [notice] 31#31: exit
2026/03/12 15:39:05 [notice] 29#29: exit
2026/03/12 15:39:05 [notice] 30#30: exit
2026/03/12 15:39:05 [notice] 32#32: exit
2026/03/12 15:39:05 [notice] 34#34: exit
2026/03/12 15:39:05 [notice] 33#33: exit
2026/03/12 15:39:05 [notice] 36#36: exit
2026/03/12 15:39:05 [notice] 39#39: exit
2026/03/12 15:39:05 [notice] 38#38: exit
2026/03/12 15:39:05 [notice] 37#37: exit
2026/03/12 15:39:05 [notice] 35#35: exit
2026/03/12 15:39:05 [notice] 41#41: exit
2026/03/12 15:39:05 [notice] 40#40: exit
2026/03/12 15:39:05 [notice] 1#1: signal 17 (SIGCHLD) received from 25
2026/03/12 15:39:05 [notice] 1#1: worker process 25 exited with code 0
2026/03/12 15:39:05 [notice] 1#1: worker process 34 exited with code 0
2026/03/12 15:39:05 [notice] 1#1: signal 29 (SIGIO) received
2026/03/12 15:39:05 [notice] 1#1: signal 17 (SIGCHLD) received from 34
2026/03/12 15:39:05 [notice] 1#1: signal 17 (SIGCHLD) received from 22
2026/03/12 15:39:05 [notice] 1#1: worker process 22 exited with code 0
2026/03/12 15:39:05 [notice] 1#1: worker process 37 exited with code 0
2026/03/12 15:39:05 [notice] 1#1: signal 29 (SIGIO) received
2026/03/12 15:39:05 [notice] 1#1: signal 17 (SIGCHLD) received from 33
2026/03/12 15:39:05 [notice] 1#1: worker process 23 exited with code 0
2026/03/12 15:39:05 [notice] 1#1: worker process 24 exited with code 0
2026/03/12 15:39:05 [notice] 1#1: worker process 26 exited with code 0
2026/03/12 15:39:05 [notice] 1#1: worker process 27 exited with code 0
2026/03/12 15:39:05 [notice] 1#1: worker process 28 exited with code 0
2026/03/12 15:39:05 [notice] 1#1: worker process 29 exited with code 0
2026/03/12 15:39:05 [notice] 1#1: worker process 30 exited with code 0
2026/03/12 15:39:05 [notice] 1#1: worker process 31 exited with code 0
2026/03/12 15:39:05 [notice] 1#1: worker process 32 exited with code 0
2026/03/12 15:39:05 [notice] 1#1: worker process 33 exited with code 0
2026/03/12 15:39:05 [notice] 1#1: worker process 35 exited with code 0
2026/03/12 15:39:05 [notice] 1#1: worker process 36 exited with code 0
2026/03/12 15:39:05 [notice] 1#1: worker process 38 exited with code 0
2026/03/12 15:39:05 [notice] 1#1: worker process 39 exited with code 0
2026/03/12 15:39:05 [notice] 1#1: worker process 40 exited with code 0
2026/03/12 15:39:05 [notice] 1#1: worker process 41 exited with code 0
2026/03/12 15:39:05 [notice] 1#1: exit
2026/03/12 15:43:38 [notice] 1#1: using the "epoll" event method
2026/03/12 15:43:38 [notice] 1#1: nginx/1.29.6
2026/03/12 15:43:38 [notice] 1#1: built by gcc 14.2.0 (Debian 14.2.0-19) 
2026/03/12 15:43:38 [notice] 1#1: OS: Linux 6.6.87.2-microsoft-standard-WSL2
2026/03/12 15:43:38 [notice] 1#1: getrlimit(RLIMIT_NOFILE): 1048576:1048576
2026/03/12 15:43:38 [notice] 1#1: start worker processes
2026/03/12 15:43:38 [notice] 1#1: start worker process 22
2026/03/12 15:43:38 [notice] 1#1: start worker process 23
2026/03/12 15:43:38 [notice] 1#1: start worker process 24
2026/03/12 15:43:38 [notice] 1#1: start worker process 25
2026/03/12 15:43:38 [notice] 1#1: start worker process 26
2026/03/12 15:43:38 [notice] 1#1: start worker process 27
2026/03/12 15:43:38 [notice] 1#1: start worker process 28
2026/03/12 15:43:38 [notice] 1#1: start worker process 29
2026/03/12 15:43:38 [notice] 1#1: start worker process 30
2026/03/12 15:43:38 [notice] 1#1: start worker process 31
2026/03/12 15:43:38 [notice] 1#1: start worker process 32
2026/03/12 15:43:38 [notice] 1#1: start worker process 33
2026/03/12 15:43:38 [notice] 1#1: start worker process 34
2026/03/12 15:43:38 [notice] 1#1: start worker process 35
2026/03/12 15:43:38 [notice] 1#1: start worker process 36
2026/03/12 15:43:38 [notice] 1#1: start worker process 37
2026/03/12 15:43:38 [notice] 1#1: start worker process 38
2026/03/12 15:43:38 [notice] 1#1: start worker process 39
2026/03/12 15:43:38 [notice] 1#1: start worker process 40
2026/03/12 15:43:38 [notice] 1#1: start worker process 41
2026/03/12 15:46:11 [notice] 1#1: signal 3 (SIGQUIT) received, shutting down
2026/03/12 15:46:11 [notice] 22#22: gracefully shutting down
2026/03/12 15:46:11 [notice] 38#38: gracefully shutting down
2026/03/12 15:46:11 [notice] 23#23: gracefully shutting down
2026/03/12 15:46:11 [notice] 24#24: gracefully shutting down
2026/03/12 15:46:11 [notice] 25#25: gracefully shutting down
2026/03/12 15:46:11 [notice] 26#26: gracefully shutting down
2026/03/12 15:46:11 [notice] 27#27: gracefully shutting down
2026/03/12 15:46:11 [notice] 28#28: gracefully shutting down
2026/03/12 15:46:11 [notice] 30#30: gracefully shutting down
2026/03/12 15:46:11 [notice] 29#29: gracefully shutting down
2026/03/12 15:46:11 [notice] 31#31: gracefully shutting down
2026/03/12 15:46:11 [notice] 33#33: gracefully shutting down
2026/03/12 15:46:11 [notice] 32#32: gracefully shutting down
2026/03/12 15:46:11 [notice] 34#34: gracefully shutting down
2026/03/12 15:46:11 [notice] 36#36: gracefully shutting down
2026/03/12 15:46:11 [notice] 35#35: gracefully shutting down
2026/03/12 15:46:11 [notice] 37#37: gracefully shutting down
2026/03/12 15:46:11 [notice] 39#39: gracefully shutting down
2026/03/12 15:46:11 [notice] 40#40: gracefully shutting down
2026/03/12 15:46:11 [notice] 22#22: exiting
2026/03/12 15:46:11 [notice] 41#41: gracefully shutting down
2026/03/12 15:46:11 [notice] 38#38: exiting
2026/03/12 15:46:11 [notice] 23#23: exiting
2026/03/12 15:46:11 [notice] 24#24: exiting
2026/03/12 15:46:11 [notice] 25#25: exiting
2026/03/12 15:46:11 [notice] 26#26: exiting
2026/03/12 15:46:11 [notice] 27#27: exiting
2026/03/12 15:46:11 [notice] 28#28: exiting
2026/03/12 15:46:11 [notice] 30#30: exiting
2026/03/12 15:46:11 [notice] 29#29: exiting
2026/03/12 15:46:11 [notice] 31#31: exiting
2026/03/12 15:46:11 [notice] 33#33: exiting
2026/03/12 15:46:11 [notice] 32#32: exiting
2026/03/12 15:46:11 [notice] 34#34: exiting
2026/03/12 15:46:11 [notice] 36#36: exiting
2026/03/12 15:46:11 [notice] 35#35: exiting
2026/03/12 15:46:11 [notice] 37#37: exiting
2026/03/12 15:46:11 [notice] 39#39: exiting
2026/03/12 15:46:11 [notice] 40#40: exiting
2026/03/12 15:46:11 [notice] 22#22: exit
2026/03/12 15:46:11 [notice] 41#41: exiting
2026/03/12 15:46:11 [notice] 38#38: exit
2026/03/12 15:46:11 [notice] 23#23: exit
2026/03/12 15:46:11 [notice] 24#24: exit
2026/03/12 15:46:11 [notice] 25#25: exit
2026/03/12 15:46:11 [notice] 26#26: exit
2026/03/12 15:46:11 [notice] 27#27: exit
2026/03/12 15:46:11 [notice] 28#28: exit
2026/03/12 15:46:11 [notice] 30#30: exit
2026/03/12 15:46:11 [notice] 29#29: exit
2026/03/12 15:46:11 [notice] 31#31: exit
2026/03/12 15:46:11 [notice] 33#33: exit
2026/03/12 15:46:11 [notice] 32#32: exit
2026/03/12 15:46:11 [notice] 34#34: exit
2026/03/12 15:46:11 [notice] 36#36: exit
2026/03/12 15:46:11 [notice] 35#35: exit
2026/03/12 15:46:11 [notice] 37#37: exit
2026/03/12 15:46:11 [notice] 39#39: exit
2026/03/12 15:46:11 [notice] 40#40: exit
2026/03/12 15:46:11 [notice] 41#41: exit
2026/03/12 15:46:11 [notice] 1#1: signal 17 (SIGCHLD) received from 30
2026/03/12 15:46:11 [notice] 1#1: worker process 30 exited with code 0
2026/03/12 15:46:11 [notice] 1#1: worker process 36 exited with code 0
2026/03/12 15:46:11 [notice] 1#1: signal 29 (SIGIO) received
2026/03/12 15:46:11 [notice] 1#1: signal 17 (SIGCHLD) received from 38
2026/03/12 15:46:11 [notice] 1#1: worker process 22 exited with code 0
2026/03/12 15:46:11 [notice] 1#1: worker process 25 exited with code 0
2026/03/12 15:46:11 [notice] 1#1: worker process 27 exited with code 0
2026/03/12 15:46:11 [notice] 1#1: worker process 29 exited with code 0
2026/03/12 15:46:11 [notice] 1#1: worker process 26 exited with code 0
2026/03/12 15:46:11 [notice] 1#1: worker process 33 exited with code 0
2026/03/12 15:46:11 [notice] 1#1: worker process 34 exited with code 0
2026/03/12 15:46:11 [notice] 1#1: worker process 35 exited with code 0
2026/03/12 15:46:11 [notice] 1#1: worker process 38 exited with code 0
2026/03/12 15:46:11 [notice] 1#1: worker process 39 exited with code 0
2026/03/12 15:46:11 [notice] 1#1: worker process 23 exited with code 0
2026/03/12 15:46:11 [notice] 1#1: worker process 24 exited with code 0
2026/03/12 15:46:11 [notice] 1#1: worker process 28 exited with code 0
2026/03/12 15:46:11 [notice] 1#1: worker process 31 exited with code 0
2026/03/12 15:46:11 [notice] 1#1: worker process 32 exited with code 0
2026/03/12 15:46:11 [notice] 1#1: worker process 37 exited with code 0
2026/03/12 15:46:11 [notice] 1#1: worker process 40 exited with code 0
2026/03/12 15:46:11 [notice] 1#1: worker process 41 exited with code 0
2026/03/12 15:46:11 [notice] 1#1: exit
2026/03/12 15:46:36 [notice] 1#1: using the "epoll" event method
2026/03/12 15:46:36 [notice] 1#1: nginx/1.29.6
2026/03/12 15:46:36 [notice] 1#1: built by gcc 14.2.0 (Debian 14.2.0-19) 
2026/03/12 15:46:36 [notice] 1#1: OS: Linux 6.6.87.2-microsoft-standard-WSL2
2026/03/12 15:46:36 [notice] 1#1: getrlimit(RLIMIT_NOFILE): 1048576:1048576
2026/03/12 15:46:36 [notice] 1#1: start worker processes
2026/03/12 15:46:36 [notice] 1#1: start worker process 23
2026/03/12 15:46:36 [notice] 1#1: start worker process 24
2026/03/12 15:46:36 [notice] 1#1: start worker process 25
2026/03/12 15:46:36 [notice] 1#1: start worker process 26
2026/03/12 15:46:36 [notice] 1#1: start worker process 27
2026/03/12 15:46:36 [notice] 1#1: start worker process 28
2026/03/12 15:46:36 [notice] 1#1: start worker process 29
2026/03/12 15:46:36 [notice] 1#1: start worker process 30
2026/03/12 15:46:36 [notice] 1#1: start worker process 31
2026/03/12 15:46:36 [notice] 1#1: start worker process 32
2026/03/12 15:46:36 [notice] 1#1: start worker process 33
2026/03/12 15:46:36 [notice] 1#1: start worker process 34
2026/03/12 15:46:36 [notice] 1#1: start worker process 35
2026/03/12 15:46:36 [notice] 1#1: start worker process 36
2026/03/12 15:46:36 [notice] 1#1: start worker process 37
2026/03/12 15:46:36 [notice] 1#1: start worker process 38
2026/03/12 15:46:36 [notice] 1#1: start worker process 39
2026/03/12 15:46:36 [notice] 1#1: start worker process 40
2026/03/12 15:46:36 [notice] 1#1: start worker process 41
2026/03/12 15:46:36 [notice] 1#1: start worker process 42
2026/03/12 15:52:39 [notice] 1#1: signal 3 (SIGQUIT) received, shutting down
2026/03/12 15:52:39 [notice] 23#23: gracefully shutting down
2026/03/12 15:52:39 [notice] 34#34: gracefully shutting down
2026/03/12 15:52:39 [notice] 24#24: gracefully shutting down
2026/03/12 15:52:39 [notice] 25#25: gracefully shutting down
2026/03/12 15:52:39 [notice] 26#26: gracefully shutting down
2026/03/12 15:52:39 [notice] 27#27: gracefully shutting down
2026/03/12 15:52:39 [notice] 28#28: gracefully shutting down
2026/03/12 15:52:39 [notice] 29#29: gracefully shutting down
2026/03/12 15:52:39 [notice] 30#30: gracefully shutting down
2026/03/12 15:52:39 [notice] 31#31: gracefully shutting down
2026/03/12 15:52:39 [notice] 32#32: gracefully shutting down
2026/03/12 15:52:39 [notice] 33#33: gracefully shutting down
2026/03/12 15:52:39 [notice] 37#37: gracefully shutting down
2026/03/12 15:52:39 [notice] 38#38: gracefully shutting down
2026/03/12 15:52:39 [notice] 35#35: gracefully shutting down
2026/03/12 15:52:39 [notice] 23#23: exiting
2026/03/12 15:52:39 [notice] 39#39: gracefully shutting down
2026/03/12 15:52:39 [notice] 40#40: gracefully shutting down
2026/03/12 15:52:39 [notice] 41#41: gracefully shutting down
2026/03/12 15:52:39 [notice] 36#36: gracefully shutting down
2026/03/12 15:52:39 [notice] 42#42: gracefully shutting down
2026/03/12 15:52:39 [notice] 34#34: exiting
2026/03/12 15:52:39 [notice] 24#24: exiting
2026/03/12 15:52:39 [notice] 25#25: exiting
2026/03/12 15:52:39 [notice] 26#26: exiting
2026/03/12 15:52:39 [notice] 27#27: exiting
2026/03/12 15:52:39 [notice] 28#28: exiting
2026/03/12 15:52:39 [notice] 29#29: exiting
2026/03/12 15:52:39 [notice] 30#30: exiting
2026/03/12 15:52:39 [notice] 31#31: exiting
2026/03/12 15:52:39 [notice] 32#32: exiting
2026/03/12 15:52:39 [notice] 33#33: exiting
2026/03/12 15:52:39 [notice] 37#37: exiting
2026/03/12 15:52:39 [notice] 38#38: exiting
2026/03/12 15:52:39 [notice] 35#35: exiting
2026/03/12 15:52:39 [notice] 23#23: exit
2026/03/12 15:52:39 [notice] 39#39: exiting
2026/03/12 15:52:39 [notice] 40#40: exiting
2026/03/12 15:52:39 [notice] 41#41: exiting
2026/03/12 15:52:39 [notice] 36#36: exiting
2026/03/12 15:52:39 [notice] 42#42: exiting
2026/03/12 15:52:39 [notice] 34#34: exit
2026/03/12 15:52:39 [notice] 24#24: exit
2026/03/12 15:52:39 [notice] 25#25: exit
2026/03/12 15:52:39 [notice] 26#26: exit
2026/03/12 15:52:39 [notice] 27#27: exit
2026/03/12 15:52:39 [notice] 28#28: exit
2026/03/12 15:52:39 [notice] 29#29: exit
2026/03/12 15:52:39 [notice] 30#30: exit
2026/03/12 15:52:39 [notice] 31#31: exit
2026/03/12 15:52:39 [notice] 32#32: exit
2026/03/12 15:52:39 [notice] 33#33: exit
2026/03/12 15:52:39 [notice] 37#37: exit
2026/03/12 15:52:39 [notice] 38#38: exit
2026/03/12 15:52:39 [notice] 35#35: exit
2026/03/12 15:52:39 [notice] 39#39: exit
2026/03/12 15:52:39 [notice] 40#40: exit
2026/03/12 15:52:39 [notice] 41#41: exit
2026/03/12 15:52:39 [notice] 36#36: exit
2026/03/12 15:52:39 [notice] 42#42: exit
2026/03/12 15:52:39 [notice] 1#1: signal 17 (SIGCHLD) received from 33
2026/03/12 15:52:39 [notice] 1#1: worker process 33 exited with code 0
2026/03/12 15:52:39 [notice] 1#1: signal 29 (SIGIO) received
2026/03/12 15:52:39 [notice] 1#1: signal 17 (SIGCHLD) received from 41
2026/03/12 15:52:39 [notice] 1#1: worker process 28 exited with code 0
2026/03/12 15:52:39 [notice] 1#1: worker process 29 exited with code 0
2026/03/12 15:52:39 [notice] 1#1: worker process 25 exited with code 0
2026/03/12 15:52:39 [notice] 1#1: worker process 32 exited with code 0
2026/03/12 15:52:39 [notice] 1#1: worker process 34 exited with code 0
2026/03/12 15:52:39 [notice] 1#1: worker process 23 exited with code 0
2026/03/12 15:52:39 [notice] 1#1: worker process 24 exited with code 0
2026/03/12 15:52:39 [notice] 1#1: worker process 26 exited with code 0
2026/03/12 15:52:39 [notice] 1#1: worker process 27 exited with code 0
2026/03/12 15:52:39 [notice] 1#1: worker process 30 exited with code 0
2026/03/12 15:52:39 [notice] 1#1: worker process 31 exited with code 0
2026/03/12 15:52:39 [notice] 1#1: worker process 35 exited with code 0
2026/03/12 15:52:39 [notice] 1#1: worker process 36 exited with code 0
2026/03/12 15:52:39 [notice] 1#1: worker process 37 exited with code 0
2026/03/12 15:52:39 [notice] 1#1: worker process 38 exited with code 0
2026/03/12 15:52:39 [notice] 1#1: worker process 39 exited with code 0
2026/03/12 15:52:39 [notice] 1#1: worker process 40 exited with code 0
2026/03/12 15:52:39 [notice] 1#1: worker process 41 exited with code 0
2026/03/12 15:52:39 [notice] 1#1: worker process 42 exited with code 0
2026/03/12 15:52:39 [notice] 1#1: exit
